Determining if the pthread_create exist failed with the following output:
Change Dir: /home/tbf/projects/test/pcl/tutorials/ros_pcl/template_alignment/build/CMakeFiles/CMakeTmp

Run Build Command:"/usr/bin/make" "cmTC_1e58f/fast"
/usr/bin/make -f CMakeFiles/cmTC_1e58f.dir/build.make CMakeFiles/cmTC_1e58f.dir/build
make[1]: Entering directory '/home/tbf/projects/test/pcl/tutorials/ros_pcl/template_alignment/build/CMakeFiles/CMakeTmp'
Building C object CMakeFiles/cmTC_1e58f.dir/CheckSymbolExists.c.o
/usr/bin/cc     -o CMakeFiles/cmTC_1e58f.dir/CheckSymbolExists.c.o   -c /home/tbf/projects/test/pcl/tutorials/ros_pcl/template_alignment/build/CMakeFiles/CMakeTmp/CheckSymbolExists.c
Linking C executable cmTC_1e58f
/usr/bin/cmake -E cmake_link_script CMakeFiles/cmTC_1e58f.dir/link.txt --verbose=1
/usr/bin/cc       CMakeFiles/cmTC_1e58f.dir/CheckSymbolExists.c.o  -o cmTC_1e58f -rdynamic 
CMakeFiles/cmTC_1e58f.dir/CheckSymbolExists.c.o：在函数‘main’中：
CheckSymbolExists.c:(.text+0x16)：对‘pthread_create’未定义的引用
collect2: error: ld returned 1 exit status
CMakeFiles/cmTC_1e58f.dir/build.make:97: recipe for target 'cmTC_1e58f' failed
make[1]: *** [cmTC_1e58f] Error 1
make[1]: Leaving directory '/home/tbf/projects/test/pcl/tutorials/ros_pcl/template_alignment/build/CMakeFiles/CMakeTmp'
Makefile:126: recipe for target 'cmTC_1e58f/fast' failed
make: *** [cmTC_1e58f/fast] Error 2

File /home/tbf/projects/test/pcl/tutorials/ros_pcl/template_alignment/build/CMakeFiles/CMakeTmp/CheckSymbolExists.c:
/* */
#include <pthread.h>

int main(int argc, char** argv)
{
  (void)argv;
#ifndef pthread_create
  return ((int*)(&pthread_create))[argc];
#else
  (void)argc;
  return 0;
#endif
}

Determining if the function pthread_create exists in the pthreads failed with the following output:
Change Dir: /home/tbf/projects/test/pcl/tutorials/ros_pcl/template_alignment/build/CMakeFiles/CMakeTmp

Run Build Command:"/usr/bin/make" "cmTC_13cf4/fast"
/usr/bin/make -f CMakeFiles/cmTC_13cf4.dir/build.make CMakeFiles/cmTC_13cf4.dir/build
make[1]: Entering directory '/home/tbf/projects/test/pcl/tutorials/ros_pcl/template_alignment/build/CMakeFiles/CMakeTmp'
Building C object CMakeFiles/cmTC_13cf4.dir/CheckFunctionExists.c.o
/usr/bin/cc    -DCHECK_FUNCTION_EXISTS=pthread_create   -o CMakeFiles/cmTC_13cf4.dir/CheckFunctionExists.c.o   -c /usr/share/cmake-3.5/Modules/CheckFunctionExists.c
Linking C executable cmTC_13cf4
/usr/bin/cmake -E cmake_link_script CMakeFiles/cmTC_13cf4.dir/link.txt --verbose=1
/usr/bin/cc   -DCHECK_FUNCTION_EXISTS=pthread_create    CMakeFiles/cmTC_13cf4.dir/CheckFunctionExists.c.o  -o cmTC_13cf4 -rdynamic -lpthreads 
/usr/bin/ld: 找不到 -lpthreads
collect2: error: ld returned 1 exit status
CMakeFiles/cmTC_13cf4.dir/build.make:97: recipe for target 'cmTC_13cf4' failed
make[1]: *** [cmTC_13cf4] Error 1
make[1]: Leaving directory '/home/tbf/projects/test/pcl/tutorials/ros_pcl/template_alignment/build/CMakeFiles/CMakeTmp'
Makefile:126: recipe for target 'cmTC_13cf4/fast' failed
make: *** [cmTC_13cf4/fast] Error 2


